<?xml version="1.0" encoding="UTF-8" ?>
<testsuite errors="0" failures="0" hostname="LAPTOP-B1NVQBQM" name="labtest.RegistrationHelperTest" skipped="0" tests="1" time="0.062" timestamp="2020-05-30T14:01:53">
  <properties>
    <property name="java.vendor" value="Oracle Corporation" />
    <property name="sun.java.launcher" value="SUN_STANDARD" />
    <property name="sun.management.compiler" value="HotSpot 64-Bit Tiered Compilers" />
    <property name="os.name" value="Windows 10" />
    <property name="sun.boot.class.path" value="C:\Program Files\Java\jdk1.8.0_181\jre\lib\resources.jar;C:\Program Files\Java\jdk1.8.0_181\jre\lib\rt.jar;C:\Program Files\Java\jdk1.8.0_181\jre\lib\sunrsasign.jar;C:\Program Files\Java\jdk1.8.0_181\jre\lib\jsse.jar;C:\Program Files\Java\jdk1.8.0_181\jre\lib\jce.jar;C:\Program Files\Java\jdk1.8.0_181\jre\lib\charsets.jar;C:\Program Files\Java\jdk1.8.0_181\jre\lib\jfr.jar;C:\Program Files\Java\jdk1.8.0_181\jre\classes" />
    <property name="sun.desktop" value="windows" />
    <property name="java.vm.specification.vendor" value="Oracle Corporation" />
    <property name="ant.home" value="C:\Program Files\Java\antjunit\apache-ant-1.10.5" />
    <property name="java.runtime.version" value="1.8.0_181-b13" />
    <property name="test.report" value="test/reports" />
    <property name="user.name" value="Bran.Kim" />
    <property name="user.language" value="zh" />
    <property name="sun.boot.library.path" value="C:\Program Files\Java\jdk1.8.0_181\jre\bin" />
    <property name="ant.project.default-target" value="test" />
    <property name="ant.project.name" value="Labtest" />
    <property name="java.version" value="1.8.0_181" />
    <property name="user.timezone" value="" />
    <property name="sun.arch.data.model" value="64" />
    <property name="java.endorsed.dirs" value="C:\Program Files\Java\jdk1.8.0_181\jre\lib\endorsed" />
    <property name="sun.cpu.isalist" value="amd64" />
    <property name="sun.jnu.encoding" value="GBK" />
    <property name="file.encoding.pkg" value="sun.io" />
    <property name="file.separator" value="\" />
    <property name="java.specification.name" value="Java Platform API Specification" />
    <property name="java.class.version" value="52.0" />
    <property name="src" value="src" />
    <property name="user.country" value="CN" />
    <property name="java.home" value="C:\Program Files\Java\jdk1.8.0_181\jre" />
    <property name="java.vm.info" value="mixed mode" />
    <property name="ant.file" value="C:\Users\Jin\Desktop\Liverpool Y2\COMP220 COMP 285\assigment\junit test\Labtest\build.xml" />
    <property name="os.version" value="10.0" />
    <property name="path.separator" value=";" />
    <property name="java.vm.version" value="25.181-b13" />
    <property name="user.variant" value="" />
    <property name="ant.library.dir" value="C:\Program Files\Java\antjunit\apache-ant-1.10.5\lib" />
    <property name="java.awt.printerjob" value="sun.awt.windows.WPrinterJob" />
    <property name="sun.io.unicode.encoding" value="UnicodeLittle" />
    <property name="awt.toolkit" value="sun.awt.windows.WToolkit" />
    <property name="sun.stdout.encoding" value="ms936" />
    <property name="user.script" value="" />
    <property name="user.home" value="C:\Users\Jin" />
    <property name="java.specification.vendor" value="Oracle Corporation" />
    <property name="ant.file.type.Labtest" value="file" />
    <property name="java.library.path" value="C:\Program Files\Java\jdk1.8.0_181\bin;C:\WINDOWS\Sun\Java\bin;C:\WINDOWS\system32;C:\WINDOWS;C:\Program Files (x86)\Common Files\Oracle\Java\javapath;C:\Program Files (x86)\Intel\iCLS Client\;C:\Program Files\Intel\iCLS Client\;C:\Windows\system32;C:\Windows;C:\Windows\System32\Wbem;C:\Windows\System32\WindowsPowerShell\v1.0\;C:\Program Files (x86)\NVIDIA Corporation\PhysX\Common;C:\WINDOWS\system32;C:\WINDOWS;C:\WINDOWS\System32\Wbem;C:\WINDOWS\System32\WindowsPowerShell\v1.0\;C:\Program Files (x86)\Intel\Intel(R) Management Engine Components\DAL;C:\Program Files\Intel\Intel(R) Management Engine Components\DAL;C:\Program Files (x86)\Intel\Intel(R) Management Engine Components\IPT;C:\Program Files\Intel\Intel(R) Management Engine Components\IPT;C:\WINDOWS\System32\OpenSSH\;&quot;;C:\Program Files\Java\jdk1.8.0_181\bin;C:\Program Files\Java\jdk1.8.0_181\jre\bin&quot;;C:\Program Files\Java\jdk1.8.0_181\bin;C:\Program Files\Java\antjunit\apache-ant-1.10.5\bin;C:\JUNIT4.12\junit-4.12.jar;C:\Users\Jin\AppData\Local\Microsoft\WindowsApps;C:\Users\Jin\AppData\Roaming\Dashlane\6.1839.0.13410\bin\Firefox_Extension\{442718d9-475e-452a-b3e1-fb1ee16b8e9f}\components;C:\Users\Jin\AppData\Roaming\Dashlane\6.1839.0.13410\ucrt;C:\Users\Jin\AppData\Roaming\Dashlane\6.1839.0.13410\bin\Qt;C:\Users\Jin\AppData\Roaming\Dashlane\6.1839.0.13410\ucrt;C:\Users\Jin\AppData\Roaming\Dashlane\6.1839.0.13410\bin\Ssl;D:\visual studio code\Microsoft VS Code\bin;C:\Users\Jin\AppData\Local\GitHubDesktop\bin;." />
    <property name="java.vendor.url" value="http://java.oracle.com/" />
    <property name="java.vm.vendor" value="Oracle Corporation" />
    <property name="java.runtime.name" value="Java(TM) SE Runtime Environment" />
    <property name="sun.java.command" value="org.apache.tools.ant.launch.Launcher -cp .;c:\program files\java\jdk1.8.0_181\bin\lib;c:\junit4.12;c:\junit4.12\junit-4.12.jar;c:\JUNIT4.12\hamcrest-core-1.3.jar;" />
    <property name="java.class.path" value="C:\Program Files\Java\antjunit\apache-ant-1.10.5\lib\ant-launcher.jar;C:\Users\Jin\Desktop\Liverpool Y2\COMP220 COMP 285\assigment\junit test\Labtest\.\;c:\program files\java\jdk1.8.0_181\bin\lib;c:\junit4.12\;c:\junit4.12\junit-4.12.jar;c:\JUNIT4.12\hamcrest-core-1.3.jar;C:\Program Files\Java\antjunit\apache-ant-1.10.5\lib\ant-antlr.jar;C:\Program Files\Java\antjunit\apache-ant-1.10.5\lib\ant-apache-bcel.jar;C:\Program Files\Java\antjunit\apache-ant-1.10.5\lib\ant-apache-bsf.jar;C:\Program Files\Java\antjunit\apache-ant-1.10.5\lib\ant-apache-log4j.jar;C:\Program Files\Java\antjunit\apache-ant-1.10.5\lib\ant-apache-oro.jar;C:\Program Files\Java\antjunit\apache-ant-1.10.5\lib\ant-apache-regexp.jar;C:\Program Files\Java\antjunit\apache-ant-1.10.5\lib\ant-apache-resolver.jar;C:\Program Files\Java\antjunit\apache-ant-1.10.5\lib\ant-apache-xalan2.jar;C:\Program Files\Java\antjunit\apache-ant-1.10.5\lib\ant-commons-logging.jar;C:\Program Files\Java\antjunit\apache-ant-1.10.5\lib\ant-commons-net.jar;C:\Program Files\Java\antjunit\apache-ant-1.10.5\lib\ant-jai.jar;C:\Program Files\Java\antjunit\apache-ant-1.10.5\lib\ant-javamail.jar;C:\Program Files\Java\antjunit\apache-ant-1.10.5\lib\ant-jdepend.jar;C:\Program Files\Java\antjunit\apache-ant-1.10.5\lib\ant-jmf.jar;C:\Program Files\Java\antjunit\apache-ant-1.10.5\lib\ant-jsch.jar;C:\Program Files\Java\antjunit\apache-ant-1.10.5\lib\ant-junit.jar;C:\Program Files\Java\antjunit\apache-ant-1.10.5\lib\ant-junit4.jar;C:\Program Files\Java\antjunit\apache-ant-1.10.5\lib\ant-junitlauncher.jar;C:\Program Files\Java\antjunit\apache-ant-1.10.5\lib\ant-launcher.jar;C:\Program Files\Java\antjunit\apache-ant-1.10.5\lib\ant-netrexx.jar;C:\Program Files\Java\antjunit\apache-ant-1.10.5\lib\ant-swing.jar;C:\Program Files\Java\antjunit\apache-ant-1.10.5\lib\ant-testutil.jar;C:\Program Files\Java\antjunit\apache-ant-1.10.5\lib\ant-xz.jar;C:\Program Files\Java\antjunit\apache-ant-1.10.5\lib\ant.jar;C:\Program Files\Java\antjunit\apache-ant-1.10.5\lib\ivy-2.5.0-rc1.jar;C:\Program Files\Java\jdk1.8.0_181\lib\tools.jar" />
    <property name="ant.version" value="Apache Ant(TM) version 1.10.5 compiled on July 10 2018" />
    <property name="java.vm.specification.name" value="Java Virtual Machine Specification" />
    <property name="ant.file.type" value="file" />
    <property name="java.vm.specification.version" value="1.8" />
    <property name="build.classes" value="build/classes" />
    <property name="sun.cpu.endian" value="little" />
    <property name="sun.os.patch.level" value="" />
    <property name="java.io.tmpdir" value="C:\Users\Jin\AppData\Local\Temp\" />
    <property name="test.src" value="test/src" />
    <property name="java.vendor.url.bug" value="http://bugreport.sun.com/bugreport/" />
    <property name="os.arch" value="amd64" />
    <property name="java.awt.graphicsenv" value="sun.awt.Win32GraphicsEnvironment" />
    <property name="java.ext.dirs" value="C:\Program Files\Java\jdk1.8.0_181\jre\lib\ext;C:\WINDOWS\Sun\Java\lib\ext" />
    <property name="user.dir" value="C:\Users\Jin\Desktop\Liverpool Y2\COMP220 COMP 285\assigment\junit test\Labtest" />
    <property name="line.separator" value="&#xd;&#xa;" />
    <property name="java.vm.name" value="Java HotSpot(TM) 64-Bit Server VM" />
    <property name="basedir" value="C:\Users\Jin\Desktop\Liverpool Y2\COMP220 COMP 285\assigment\junit test\Labtest" />
    <property name="ant.java.version" value="1.8" />
    <property name="ant.core.lib" value="C:\Program Files\Java\antjunit\apache-ant-1.10.5\lib\ant.jar" />
    <property name="sun.stderr.encoding" value="ms936" />
    <property name="file.encoding" value="UTF-8" />
    <property name="ant.file.Labtest" value="C:\Users\Jin\Desktop\Liverpool Y2\COMP220 COMP 285\assigment\junit test\Labtest\build.xml" />
    <property name="java.specification.version" value="1.8" />
    <property name="ant.project.invoked-targets" value="test" />
  </properties>
  <testcase classname="labtest.RegistrationHelperTest" name="testCheckUsernamePassword" time="0.0" />
  <system-out><![CDATA[]]></system-out>
  <system-err><![CDATA[]]></system-err>
</testsuite>
